-------------------------------------------------------------------------------
Test set: TestSuite
-------------------------------------------------------------------------------
Tests run: 2, Failures: 1, Errors: 0, Skipped: 0, Time elapsed: 28.184 sec <<< FAILURE! - in TestSuite
loginTest(com.apoorv.testcases.LoginTest)  Time elapsed: 2.322 sec  <<< FAILURE!
java.lang.AssertionError: Login test fail
	at org.testng.Assert.fail(Assert.java:96)
	at com.apoorv.testcases.LoginTest.loginTest(LoginTest.java:19)

